Build started 17.05.2016 15:54:55.
     1>Project "C:\Users\ACER-PC\Desktop\BGI2010 (2)\bgi\bgi.vcxproj" on node 2 (Build target(s)).
     1>ClCompile:
         C:\Program Files (x86)\Microsoft Visual Studio 14.0\VC\bin\CL.exe /c /ZI /nologo /W3 /WX- /Od /Oy- /D _MBCS /Gm /EHsc /RTC1 /MDd /GS /fp:precise /Zc:wchar_t /Zc:forScope /Zc:inline /Fo"Debug\\" /Fd"Debug\vc140.pdb" /Gd /TP /analyze- /errorReport:prompt Source.cpp
         Source.cpp
     1>c:\users\acer-pc\desktop\bgi2010 (2)\bgi\source.cpp(89): warning C4244: 'argument': conversion from 'time_t' to 'unsigned int', possible loss of data
     1>c:\users\acer-pc\desktop\bgi2010 (2)\bgi\source.cpp(104): warning C4996: 'itoa': The POSIX name for this item is deprecated. Instead, use the ISO C and C++ conformant name: _itoa. See online help for details.
         c:\program files (x86)\windows kits\10\include\10.0.10150.0\ucrt\stdlib.h(1316): note: see declaration of 'itoa'
     1>c:\users\acer-pc\desktop\bgi2010 (2)\bgi\source.cpp(117): warning C4244: 'argument': conversion from 'time_t' to 'unsigned int', possible loss of data
     1>c:\users\acer-pc\desktop\bgi2010 (2)\bgi\source.cpp(222): warning C4996: 'itoa': The POSIX name for this item is deprecated. Instead, use the ISO C and C++ conformant name: _itoa. See online help for details.
         c:\program files (x86)\windows kits\10\include\10.0.10150.0\ucrt\stdlib.h(1316): note: see declaration of 'itoa'
     1>c:\users\acer-pc\desktop\bgi2010 (2)\bgi\source.cpp(232): warning C4996: 'itoa': The POSIX name for this item is deprecated. Instead, use the ISO C and C++ conformant name: _itoa. See online help for details.
         c:\program files (x86)\windows kits\10\include\10.0.10150.0\ucrt\stdlib.h(1316): note: see declaration of 'itoa'
     1>c:\users\acer-pc\desktop\bgi2010 (2)\bgi\source.cpp(260): warning C4996: 'itoa': The POSIX name for this item is deprecated. Instead, use the ISO C and C++ conformant name: _itoa. See online help for details.
         c:\program files (x86)\windows kits\10\include\10.0.10150.0\ucrt\stdlib.h(1316): note: see declaration of 'itoa'
       Link:
         C:\Program Files (x86)\Microsoft Visual Studio 14.0\VC\bin\link.exe /ERRORREPORT:PROMPT /OUT:"C:\Users\ACER-PC\Desktop\BGI2010 (2)\bgi\Debug\bgi.exe" /INCREMENTAL /NOLOGO kernel32.lib user32.lib gdi32.lib winspool.lib comdlg32.lib advapi32.lib shell32.lib ole32.lib oleaut32.lib uuid.lib odbc32.lib odbccp32.lib /MANIFEST /MANIFESTUAC:"level='asInvoker' uiAccess='false'" /manifest:embed /Debug /PDB:"C:\Users\ACER-PC\Desktop\BGI2010 (2)\bgi\Debug\bgi.pdb" /TLBID:1 /DYNAMICBASE /NXCOMPAT /IMPLIB:"C:\Users\ACER-PC\Desktop\BGI2010 (2)\bgi\Debug\bgi.lib" /MACHINE:X86 Debug\bgiout.obj
         Debug\dibutil.obj
         Debug\drawing.obj
         Debug\file.obj
         Debug\misc.obj
         Debug\mouse.obj
         Debug\palette.obj
         Debug\main.obj
         Debug\Source.obj
         Debug\text.obj
         Debug\winbgi.obj
         Debug\winthread.obj
         bgi.vcxproj -> C:\Users\ACER-PC\Desktop\BGI2010 (2)\bgi\Debug\bgi.exe
     1>Done Building Project "C:\Users\ACER-PC\Desktop\BGI2010 (2)\bgi\bgi.vcxproj" (Build target(s)).

Build succeeded.

Time Elapsed 00:00:03.63
