c:\documents and settıngs\admınıstrator\my documents\vısual studıo 2010\projects\bgı\debug\vc100.pdb
c:\documents and settıngs\admınıstrator\my documents\vısual studıo 2010\projects\bgı\debug\bgıout.obj
c:\documents and settıngs\admınıstrator\my documents\vısual studıo 2010\projects\bgı\debug\wınthread.obj
c:\documents and settıngs\admınıstrator\my documents\vısual studıo 2010\projects\bgı\debug\bgı.obj
c:\documents and settıngs\admınıstrator\my documents\vısual studıo 2010\projects\bgı\debug\drawıng.obj
c:\documents and settıngs\admınıstrator\my documents\vısual studıo 2010\projects\bgı\debug\mısc.obj
c:\documents and settıngs\admınıstrator\my documents\vısual studıo 2010\projects\bgı\debug\mouse.obj
c:\documents and settıngs\admınıstrator\my documents\vısual studıo 2010\projects\bgı\debug\palette.obj
c:\documents and settıngs\admınıstrator\my documents\vısual studıo 2010\projects\bgı\debug\text.obj
c:\documents and settıngs\admınıstrator\my documents\vısual studıo 2010\projects\bgı\debug\wınbgı.obj
c:\documents and settıngs\admınıstrator\my documents\vısual studıo 2010\projects\bgı\debug\dıbutıl.obj
c:\documents and settıngs\admınıstrator\my documents\vısual studıo 2010\projects\bgı\debug\fıle.obj
c:\documents and settıngs\admınıstrator\my documents\vısual studıo 2010\projects\bgı\debug\test-colors.obj
c:\documents and settıngs\admınıstrator\my documents\vısual studıo 2010\projects\bgı\debug\maın.obj
c:\documents and settıngs\admınıstrator\my documents\vısual studıo 2010\projects\bgı\debug\bgı.ılk
c:\documents and settıngs\admınıstrator\my documents\vısual studıo 2010\projects\bgı\debug\bgı.exe
c:\documents and settıngs\admınıstrator\my documents\vısual studıo 2010\projects\bgı\debug\bgı.exe.ıntermedıate.manıfest
c:\documents and settıngs\admınıstrator\my documents\vısual studıo 2010\projects\bgı\debug\bgı.pdb
c:\users\acer-pc\desktop\bgı2010 (2)\bgı\debug\vc140.pdb
c:\users\acer-pc\desktop\bgı2010 (2)\bgı\debug\vc140.ıdb
c:\users\acer-pc\desktop\bgı2010 (2)\bgı\debug\bgıout.obj
c:\users\acer-pc\desktop\bgı2010 (2)\bgı\debug\dıbutıl.obj
c:\users\acer-pc\desktop\bgı2010 (2)\bgı\debug\drawıng.obj
c:\users\acer-pc\desktop\bgı2010 (2)\bgı\debug\fıle.obj
c:\users\acer-pc\desktop\bgı2010 (2)\bgı\debug\mısc.obj
c:\users\acer-pc\desktop\bgı2010 (2)\bgı\debug\mouse.obj
c:\users\acer-pc\desktop\bgı2010 (2)\bgı\debug\palette.obj
c:\users\acer-pc\desktop\bgı2010 (2)\bgı\debug\maın.obj
c:\users\acer-pc\desktop\bgı2010 (2)\bgı\debug\source.obj
c:\users\acer-pc\desktop\bgı2010 (2)\bgı\debug\text.obj
c:\users\acer-pc\desktop\bgı2010 (2)\bgı\debug\wınbgı.obj
c:\users\acer-pc\desktop\bgı2010 (2)\bgı\debug\wınthread.obj
c:\users\acer-pc\desktop\bgı2010 (2)\bgı\debug\bgı.ılk
c:\users\acer-pc\desktop\bgı2010 (2)\bgı\debug\bgı.exe
c:\users\acer-pc\desktop\bgı2010 (2)\bgı\debug\bgı.pdb
c:\users\acer-pc\desktop\bgı2010 (2)\bgi\debug\bgi.obj
c:\users\acer-pc\desktop\bgı2010 (2)\bgi\debug\bgiout.obj
c:\users\acer-pc\desktop\bgı2010 (2)\bgi\debug\dibutil.obj
c:\users\acer-pc\desktop\bgı2010 (2)\bgi\debug\drawing.obj
c:\users\acer-pc\desktop\bgı2010 (2)\bgi\debug\file.obj
c:\users\acer-pc\desktop\bgı2010 (2)\bgi\debug\main.obj
c:\users\acer-pc\desktop\bgı2010 (2)\bgi\debug\misc.obj
c:\users\acer-pc\desktop\bgı2010 (2)\bgi\debug\mouse.obj
c:\users\acer-pc\desktop\bgı2010 (2)\bgi\debug\palette.obj
c:\users\acer-pc\desktop\bgı2010 (2)\bgi\debug\source.obj
c:\users\acer-pc\desktop\bgı2010 (2)\bgi\debug\test-colors.obj
c:\users\acer-pc\desktop\bgı2010 (2)\bgi\debug\text.obj
c:\users\acer-pc\desktop\bgı2010 (2)\bgi\debug\winbgi.obj
c:\users\acer-pc\desktop\bgı2010 (2)\bgi\debug\winthread.obj
c:\users\acer-pc\desktop\bgı2010 (2)\bgi\debug\bgi.ilk
c:\users\acer-pc\desktop\bgı2010 (2)\bgi\debug\cl.command.1.tlog
c:\users\acer-pc\desktop\bgı2010 (2)\bgi\debug\cl.read.1.tlog
c:\users\acer-pc\desktop\bgı2010 (2)\bgi\debug\cl.write.1.tlog
c:\users\acer-pc\desktop\bgı2010 (2)\bgi\debug\link.command.1.tlog
c:\users\acer-pc\desktop\bgı2010 (2)\bgi\debug\link.read.1.tlog
c:\users\acer-pc\desktop\bgı2010 (2)\bgi\debug\link.write.1.tlog
c:\users\acer-pc\desktop\bgı2010 (2)\bgi\debug\mt.command.1.tlog
c:\users\acer-pc\desktop\bgı2010 (2)\bgi\debug\mt.read.1.tlog
c:\users\acer-pc\desktop\bgı2010 (2)\bgi\debug\mt.write.1.tlog
c:\users\acer-pc\desktop\bgı2010 (2)\bgi\debug\bgi.exe.intermediate.manifest
c:\users\acer-pc\desktop\bgı2010 (2)\bgi\debug\vc100.idb
c:\users\acer-pc\desktop\bgı2010 (2)\bgi\debug\vc140.idb
c:\users\acer-pc\desktop\bgı2010 (2)\bgi\debug\bgi.pdb
c:\users\acer-pc\desktop\bgı2010 (2)\bgi\debug\vc100.pdb
c:\users\acer-pc\desktop\bgı2010 (2)\bgi\debug\vc140.pdb
c:\users\acer-pc\desktop\bgı2010 (2)\bgi\debug\bgi.exe
c:\users\acer-pc\desktop\bgı2010 (2)\bgi\debug\bgi.tlog\cl.command.1.tlog
c:\users\acer-pc\desktop\bgı2010 (2)\bgi\debug\bgi.tlog\cl.read.1.tlog
c:\users\acer-pc\desktop\bgı2010 (2)\bgi\debug\bgi.tlog\cl.write.1.tlog
c:\users\acer-pc\desktop\bgı2010 (2)\bgi\debug\bgi.tlog\link.command.1.tlog
c:\users\acer-pc\desktop\bgı2010 (2)\bgi\debug\bgi.tlog\link.read.1.tlog
c:\users\acer-pc\desktop\bgı2010 (2)\bgi\debug\bgi.tlog\link.write.1.tlog
